INFO:root:Initialized bot Csinensis
INFO:root:---NEW TURN---
INFO:root:Joining the game
INFO:root:---NEW TURN---
INFO:root:---NEW TURN---
INFO:root:---NEW TURN---
INFO:root:---NEW TURN---
INFO:root:---NEW TURN---
INFO:root:---NEW TURN---
INFO:root:---NEW TURN---
INFO:root:---NEW TURN---
INFO:root:---NEW TURN---
INFO:root:---NEW TURN---
INFO:root:---NEW TURN---
INFO:root:---NEW TURN---
INFO:root:---NEW TURN---
INFO:root:---NEW TURN---
INFO:root:---NEW TURN---
INFO:root:---NEW TURN---
INFO:root:---NEW TURN---
INFO:root:---NEW TURN---
INFO:root:---NEW TURN---
INFO:root:---NEW TURN---
INFO:root:---NEW TURN---
INFO:root:---NEW TURN---
INFO:root:---NEW TURN---
INFO:root:---NEW TURN---
INFO:root:---NEW TURN---
INFO:root:---NEW TURN---
INFO:root:---NEW TURN---
INFO:root:---NEW TURN---
INFO:root:---NEW TURN---
INFO:root:---NEW TURN---
INFO:root:---NEW TURN---
INFO:root:X 0 Y 0 distances [[116.43701612 186.15067747 178.49130714 127.86909996]] index 0 distance 116.43701612339609
INFO:root:---NEW TURN---
INFO:root:X 0 Y 0 distances [[120.05979523 187.06944815 185.48975829 122.48625405]] index 0 distance 120.05979523262565
INFO:root:---NEW TURN---
INFO:root:X 240 Y 0 distances [[120.94444622 191.22976513 191.81534629 120.01356203]] index 3 distance 120.0135620338385
INFO:root:---NEW TURN---
INFO:root:X 240 Y 0 distances [[127.84207845 187.43761902 196.73433107 113.01354354]] index 3 distance 113.01354353678147
INFO:root:---NEW TURN---
INFO:root:X 240 Y 0 distances [[134.7501731  183.83394994 201.77621552 106.01362719]] index 3 distance 106.01362718896097
INFO:root:---NEW TURN---
INFO:root:X 240 Y 0 distances [[141.66738448 180.42993051 206.93214304  99.01361434]] index 3 distance 99.01361433686782
INFO:root:---NEW TURN---
INFO:root:X 240 Y 0 distances [[148.59235363 177.23712804 212.19374062  92.01360528]] index 3 distance 92.01360528465341
INFO:root:---NEW TURN---
INFO:root:X 240 Y 0 distances [[155.52394934 174.26711342 217.55319998  85.0137096 ]] index 3 distance 85.01370959821715
INFO:root:---NEW TURN---
INFO:root:X 240 Y 0 distances [[162.46150053 171.53153399 223.00373798  78.01371132]] index 3 distance 78.01371132474085
INFO:root:---NEW TURN---
INFO:root:X 240 Y 0 distances [[169.40419283 169.04173612 228.53870689  71.01372085]] index 3 distance 71.01372084893173
INFO:root:---NEW TURN---
INFO:root:X 240 Y 0 distances [[176.35131911 166.80876401 234.15204409  64.01384031]] index 3 distance 64.01384031012356
INFO:root:---NEW TURN---
INFO:root:X 240 Y 0 distances [[183.30256373 164.84297337 239.83839115  57.01387436]] index 3 distance 57.013874355283036
INFO:root:---NEW TURN---
INFO:root:X 240 Y 0 distances [[190.25728634 163.15409589 245.59253044  50.01402809]] index 3 distance 50.014028089127166
INFO:root:---NEW TURN---
INFO:root:X 240 Y 0 distances [[197.21530835 161.75073987 251.40995574  43.01411218]] index 3 distance 43.01411218484
INFO:root:---NEW TURN---
INFO:root:X 240 Y 0 distances [[204.1762027  160.64042377 257.28630307  36.01424368]] index 3 distance 36.014243675801396
INFO:root:---NEW TURN---
INFO:root:X 240 Y 0 distances [[211.13958531 159.82927292 263.21754593  29.0145564 ]] index 3 distance 29.014556397780744
INFO:root:---NEW TURN---
INFO:root:X 240 Y 0 distances [[218.09252096 159.44387005 269.26203538  22.01480632]] index 3 distance 22.014806321655445
INFO:root:---NEW TURN---
INFO:root:X 240 Y 0 distances [[225.06073307 159.24315234 275.29123046  15.01511133]] index 3 distance 15.015111326926606
INFO:root:---NEW TURN---
INFO:root:X 240 Y 0 distances [[232.0188418  159.47200053 281.42461682   8.01541962]] index 3 distance 8.015419620955608
INFO:root:---NEW TURN---
INFO:root:X 240 Y 0 distances [[236.99888013 159.73599839 285.78832233   3.01549043]] index 3 distance 3.015490429432652
INFO:root:---NEW TURN---
INFO:root:X 240 Y 0 distances [[236.99888013 159.73599839 285.78832233   3.01549043]] index 3 distance 3.015490429432652
INFO:root:---NEW TURN---
INFO:root:X 240 Y 0 distances [[236.99888013 159.73599839 285.78832233   3.01549043]] index 3 distance 3.015490429432652
INFO:root:---NEW TURN---
INFO:root:X 240 Y 0 distances [[236.99888013 159.73599839 285.78832233   3.01549043]] index 3 distance 3.015490429432652
INFO:root:---NEW TURN---
INFO:root:X 240 Y 0 distances [[236.99888013 159.73599839 285.78832233   3.01549043]] index 3 distance 3.015490429432652
INFO:root:---NEW TURN---
INFO:root:X 240 Y 0 distances [[236.99888013 159.73599839 285.78832233   3.01549043]] index 3 distance 3.015490429432652
INFO:root:---NEW TURN---
INFO:root:X 240 Y 0 distances [[236.99888013 159.73599839 285.78832233   3.01549043]] index 3 distance 3.015490429432652
INFO:root:---NEW TURN---
INFO:root:X 240 Y 0 distances [[236.99888013 159.73599839 285.78832233   3.01549043]] index 3 distance 3.015490429432652
INFO:root:---NEW TURN---
INFO:root:X 240 Y 0 distances [[236.99888013 159.73599839 285.78832233   3.01549043]] index 3 distance 3.015490429432652
INFO:root:---NEW TURN---
INFO:root:X 240 Y 0 distances [[236.99888013 159.73599839 285.78832233   3.01549043]] index 3 distance 3.015490429432652
INFO:root:---NEW TURN---
INFO:root:X 240 Y 0 distances [[236.99888013 159.73599839 285.78832233   3.01549043]] index 3 distance 3.015490429432652
INFO:root:---NEW TURN---
INFO:root:X 240 Y 0 distances [[236.99888013 159.73599839 285.78832233   3.01549043]] index 3 distance 3.015490429432652
INFO:root:---NEW TURN---
INFO:root:X 240 Y 0 distances [[236.99888013 159.73599839 285.78832233   3.01549043]] index 3 distance 3.015490429432652
INFO:root:---NEW TURN---
INFO:root:X 240 Y 0 distances [[236.99888013 159.73599839 285.78832233   3.01549043]] index 3 distance 3.015490429432652
INFO:root:---NEW TURN---
INFO:root:X 240 Y 0 distances [[236.99888013 159.73599839 285.78832233   3.01549043]] index 3 distance 3.015490429432652
INFO:root:---NEW TURN---
INFO:root:X 240 Y 0 distances [[236.99888013 159.73599839 285.78832233   3.01549043]] index 3 distance 3.015490429432652
INFO:root:---NEW TURN---
INFO:root:X 240 Y 0 distances [[236.99888013 159.73599839 285.78832233   3.01549043]] index 3 distance 3.015490429432652
INFO:root:---NEW TURN---
INFO:root:X 240 Y 0 distances [[236.99888013 159.73599839 285.78832233   3.01549043]] index 3 distance 3.015490429432652
INFO:root:---NEW TURN---
INFO:root:X 240 Y 0 distances [[236.99888013 159.73599839 285.78832233   3.01549043]] index 3 distance 3.015490429432652
INFO:root:---NEW TURN---
INFO:root:X 240 Y 0 distances [[236.99888013 159.73599839 285.78832233   3.01549043]] index 3 distance 3.015490429432652
INFO:root:---NEW TURN---
INFO:root:X 240 Y 0 distances [[236.99888013 159.73599839 285.78832233   3.01549043]] index 3 distance 3.015490429432652
INFO:root:---NEW TURN---
INFO:root:X 240 Y 0 distances [[236.99888013 159.73599839 285.78832233   3.01549043]] index 3 distance 3.015490429432652
INFO:root:---NEW TURN---
INFO:root:X 240 Y 0 distances [[236.99888013 159.73599839 285.78832233   3.01549043]] index 3 distance 3.015490429432652
INFO:root:---NEW TURN---
INFO:root:X 240 Y 0 distances [[236.99888013 159.73599839 285.78832233   3.01549043]] index 3 distance 3.015490429432652
INFO:root:---NEW TURN---
INFO:root:X 240 Y 0 distances [[236.99888013 159.73599839 285.78832233   3.01549043]] index 3 distance 3.015490429432652
INFO:root:---NEW TURN---
INFO:root:X 240 Y 0 distances [[236.99888013 159.73599839 285.78832233   3.01549043]] index 3 distance 3.015490429432652
INFO:root:---NEW TURN---
INFO:root:X 240 Y 0 distances [[236.99888013 159.73599839 285.78832233   3.01549043]] index 3 distance 3.015490429432652
INFO:root:---NEW TURN---
INFO:root:X 240 Y 0 distances [[236.99888013 159.73599839 285.78832233   3.01549043]] index 3 distance 3.015490429432652
INFO:root:---NEW TURN---
INFO:root:X 240 Y 0 distances [[236.99888013 159.73599839 285.78832233   3.01549043]] index 3 distance 3.015490429432652
INFO:root:---NEW TURN---
INFO:root:X 240 Y 0 distances [[236.99888013 159.73599839 285.78832233   3.01549043]] index 3 distance 3.015490429432652
INFO:root:---NEW TURN---
INFO:root:X 240 Y 0 distances [[236.99888013 159.73599839 285.78832233   3.01549043]] index 3 distance 3.015490429432652
INFO:root:---NEW TURN---
INFO:root:X 240 Y 0 distances [[236.99888013 159.73599839 285.78832233   3.01549043]] index 3 distance 3.015490429432652
INFO:root:---NEW TURN---
INFO:root:X 240 Y 0 distances [[236.99888013 159.73599839 285.78832233   3.01549043]] index 3 distance 3.015490429432652
INFO:root:---NEW TURN---
INFO:root:X 240 Y 0 distances [[236.99888013 159.73599839 285.78832233   3.01549043]] index 3 distance 3.015490429432652
INFO:root:---NEW TURN---
INFO:root:X 240 Y 0 distances [[236.99888013 159.73599839 285.78832233   3.01549043]] index 3 distance 3.015490429432652
INFO:root:---NEW TURN---
INFO:root:X 240 Y 0 distances [[236.99888013 159.73599839 285.78832233   3.01549043]] index 3 distance 3.015490429432652
INFO:root:---NEW TURN---
INFO:root:X 240 Y 0 distances [[236.99888013 159.73599839 285.78832233   3.01549043]] index 3 distance 3.015490429432652
INFO:root:---NEW TURN---
INFO:root:X 240 Y 0 distances [[236.99888013 159.73599839 285.78832233   3.01549043]] index 3 distance 3.015490429432652
INFO:root:---NEW TURN---
INFO:root:X 240 Y 0 distances [[236.99888013 159.73599839 285.78832233   3.01549043]] index 3 distance 3.015490429432652
INFO:root:---NEW TURN---
INFO:root:X 240 Y 0 distances [[236.99888013 159.73599839 285.78832233   3.01549043]] index 3 distance 3.015490429432652
INFO:root:---NEW TURN---
INFO:root:X 240 Y 0 distances [[236.99888013 159.73599839 285.78832233   3.01549043]] index 3 distance 3.015490429432652
INFO:root:---NEW TURN---
INFO:root:X 240 Y 0 distances [[236.99888013 159.73599839 285.78832233   3.01549043]] index 3 distance 3.015490429432652
INFO:root:---NEW TURN---
INFO:root:X 240 Y 0 distances [[236.99888013 159.73599839 285.78832233   3.01549043]] index 3 distance 3.015490429432652
INFO:root:---NEW TURN---
INFO:root:X 240 Y 0 distances [[236.99888013 159.73599839 285.78832233   3.01549043]] index 3 distance 3.015490429432652
INFO:root:---NEW TURN---
INFO:root:X 240 Y 0 distances [[236.99888013 159.73599839 285.78832233   3.01549043]] index 3 distance 3.015490429432652
INFO:root:---NEW TURN---
INFO:root:X 240 Y 0 distances [[236.99888013 159.73599839 285.78832233   3.01549043]] index 3 distance 3.015490429432652
INFO:root:---NEW TURN---
INFO:root:X 240 Y 0 distances [[236.99888013 159.73599839 285.78832233   3.01549043]] index 3 distance 3.015490429432652
INFO:root:---NEW TURN---
INFO:root:X 240 Y 0 distances [[236.99888013 159.73599839 285.78832233   3.01549043]] index 3 distance 3.015490429432652
INFO:root:---NEW TURN---
INFO:root:X 240 Y 0 distances [[236.99888013 159.73599839 285.78832233   3.01549043]] index 3 distance 3.015490429432652
INFO:root:---NEW TURN---
INFO:root:X 240 Y 0 distances [[236.99888013 159.73599839 285.78832233   3.01549043]] index 3 distance 3.015490429432652
INFO:root:---NEW TURN---
INFO:root:X 240 Y 0 distances [[236.99888013 159.73599839 285.78832233   3.01549043]] index 3 distance 3.015490429432652
INFO:root:---NEW TURN---
INFO:root:X 240 Y 0 distances [[236.99888013 159.73599839 285.78832233   3.01549043]] index 3 distance 3.015490429432652
INFO:root:---NEW TURN---
INFO:root:X 240 Y 0 distances [[236.99888013 159.73599839 285.78832233   3.01549043]] index 3 distance 3.015490429432652
INFO:root:---NEW TURN---
INFO:root:X 240 Y 0 distances [[236.99888013 159.73599839 285.78832233   3.01549043]] index 3 distance 3.015490429432652
INFO:root:---NEW TURN---
INFO:root:X 240 Y 0 distances [[236.99888013 159.73599839 285.78832233   3.01549043]] index 3 distance 3.015490429432652
INFO:root:---NEW TURN---
INFO:root:X 240 Y 0 distances [[236.99888013 159.73599839 285.78832233   3.01549043]] index 3 distance 3.015490429432652
INFO:root:---NEW TURN---
INFO:root:X 240 Y 0 distances [[236.99888013 159.73599839 285.78832233   3.01549043]] index 3 distance 3.015490429432652
INFO:root:---NEW TURN---
INFO:root:X 240 Y 0 distances [[236.99888013 159.73599839 285.78832233   3.01549043]] index 3 distance 3.015490429432652
INFO:root:---NEW TURN---
INFO:root:X 240 Y 0 distances [[236.99888013 159.73599839 285.78832233   3.01549043]] index 3 distance 3.015490429432652
INFO:root:---NEW TURN---
INFO:root:X 240 Y 0 distances [[236.99888013 159.73599839 285.78832233   3.01549043]] index 3 distance 3.015490429432652
INFO:root:---NEW TURN---
INFO:root:X 240 Y 0 distances [[236.99888013 159.73599839 285.78832233   3.01549043]] index 3 distance 3.015490429432652
INFO:root:---NEW TURN---
INFO:root:X 240 Y 0 distances [[236.99888013 159.73599839 285.78832233   3.01549043]] index 3 distance 3.015490429432652
INFO:root:---NEW TURN---
INFO:root:X 240 Y 0 distances [[236.99888013 159.73599839 285.78832233   3.01549043]] index 3 distance 3.015490429432652
INFO:root:---NEW TURN---
INFO:root:X 240 Y 0 distances [[236.99888013 159.73599839 285.78832233   3.01549043]] index 3 distance 3.015490429432652
INFO:root:---NEW TURN---
INFO:root:X 240 Y 0 distances [[236.99888013 159.73599839 285.78832233   3.01549043]] index 3 distance 3.015490429432652
INFO:root:---NEW TURN---
INFO:root:X 240 Y 0 distances [[236.99888013 159.73599839 285.78832233   3.01549043]] index 3 distance 3.015490429432652
INFO:root:---NEW TURN---
INFO:root:X 240 Y 0 distances [[236.99888013 159.73599839 285.78832233   3.01549043]] index 3 distance 3.015490429432652
INFO:root:---NEW TURN---
INFO:root:X 240 Y 0 distances [[236.99888013 159.73599839 285.78832233   3.01549043]] index 3 distance 3.015490429432652
INFO:root:---NEW TURN---
INFO:root:X 240 Y 0 distances [[236.99888013 159.73599839 285.78832233   3.01549043]] index 3 distance 3.015490429432652
INFO:root:---NEW TURN---
INFO:root:X 240 Y 0 distances [[236.99888013 159.73599839 285.78832233   3.01549043]] index 3 distance 3.015490429432652
INFO:root:---NEW TURN---
INFO:root:X 240 Y 0 distances [[236.99888013 159.73599839 285.78832233   3.01549043]] index 3 distance 3.015490429432652
INFO:root:---NEW TURN---
INFO:root:X 240 Y 0 distances [[236.99888013 159.73599839 285.78832233   3.01549043]] index 3 distance 3.015490429432652
INFO:root:---NEW TURN---
INFO:root:X 240 Y 0 distances [[236.99888013 159.73599839 285.78832233   3.01549043]] index 3 distance 3.015490429432652
INFO:root:---NEW TURN---
INFO:root:X 240 Y 0 distances [[236.99888013 159.73599839 285.78832233   3.01549043]] index 3 distance 3.015490429432652
INFO:root:---NEW TURN---
INFO:root:X 240 Y 0 distances [[236.99888013 159.73599839 285.78832233   3.01549043]] index 3 distance 3.015490429432652
INFO:root:---NEW TURN---
INFO:root:X 240 Y 0 distances [[236.99888013 159.73599839 285.78832233   3.01549043]] index 3 distance 3.015490429432652
INFO:root:---NEW TURN---
INFO:root:X 240 Y 0 distances [[236.99888013 159.73599839 285.78832233   3.01549043]] index 3 distance 3.015490429432652
INFO:root:---NEW TURN---
INFO:root:X 240 Y 0 distances [[236.99888013 159.73599839 285.78832233   3.01549043]] index 3 distance 3.015490429432652
INFO:root:---NEW TURN---
INFO:root:X 240 Y 0 distances [[236.99888013 159.73599839 285.78832233   3.01549043]] index 3 distance 3.015490429432652
INFO:root:---NEW TURN---
INFO:root:X 240 Y 0 distances [[236.99888013 159.73599839 285.78832233   3.01549043]] index 3 distance 3.015490429432652
INFO:root:---NEW TURN---
INFO:root:X 240 Y 0 distances [[236.99888013 159.73599839 285.78832233   3.01549043]] index 3 distance 3.015490429432652
INFO:root:---NEW TURN---
INFO:root:X 240 Y 0 distances [[236.99888013 159.73599839 285.78832233   3.01549043]] index 3 distance 3.015490429432652
INFO:root:---NEW TURN---
INFO:root:X 240 Y 0 distances [[236.99888013 159.73599839 285.78832233   3.01549043]] index 3 distance 3.015490429432652
INFO:root:---NEW TURN---
INFO:root:X 240 Y 0 distances [[236.99888013 159.73599839 285.78832233   3.01549043]] index 3 distance 3.015490429432652
INFO:root:---NEW TURN---
INFO:root:X 240 Y 0 distances [[236.99888013 159.73599839 285.78832233   3.01549043]] index 3 distance 3.015490429432652
INFO:root:---NEW TURN---
INFO:root:X 240 Y 0 distances [[236.99888013 159.73599839 285.78832233   3.01549043]] index 3 distance 3.015490429432652
INFO:root:---NEW TURN---
INFO:root:X 240 Y 0 distances [[236.99888013 159.73599839 285.78832233   3.01549043]] index 3 distance 3.015490429432652
INFO:root:---NEW TURN---
INFO:root:X 240 Y 0 distances [[236.99888013 159.73599839 285.78832233   3.01549043]] index 3 distance 3.015490429432652
INFO:root:---NEW TURN---
INFO:root:X 240 Y 0 distances [[236.99888013 159.73599839 285.78832233   3.01549043]] index 3 distance 3.015490429432652
INFO:root:---NEW TURN---
INFO:root:X 240 Y 0 distances [[236.99888013 159.73599839 285.78832233   3.01549043]] index 3 distance 3.015490429432652
INFO:root:---NEW TURN---
INFO:root:X 240 Y 0 distances [[236.99888013 159.73599839 285.78832233   3.01549043]] index 3 distance 3.015490429432652
INFO:root:---NEW TURN---
INFO:root:X 240 Y 0 distances [[236.99888013 159.73599839 285.78832233   3.01549043]] index 3 distance 3.015490429432652
INFO:root:---NEW TURN---
INFO:root:X 240 Y 0 distances [[236.99888013 159.73599839 285.78832233   3.01549043]] index 3 distance 3.015490429432652
INFO:root:---NEW TURN---
INFO:root:X 240 Y 0 distances [[236.99888013 159.73599839 285.78832233   3.01549043]] index 3 distance 3.015490429432652
INFO:root:---NEW TURN---
INFO:root:X 240 Y 0 distances [[236.99888013 159.73599839 285.78832233   3.01549043]] index 3 distance 3.015490429432652
INFO:root:---NEW TURN---
INFO:root:X 240 Y 0 distances [[236.99888013 159.73599839 285.78832233   3.01549043]] index 3 distance 3.015490429432652
INFO:root:---NEW TURN---
INFO:root:X 240 Y 0 distances [[236.99888013 159.73599839 285.78832233   3.01549043]] index 3 distance 3.015490429432652
INFO:root:---NEW TURN---
INFO:root:X 240 Y 0 distances [[236.99888013 159.73599839 285.78832233   3.01549043]] index 3 distance 3.015490429432652
INFO:root:---NEW TURN---
INFO:root:X 240 Y 0 distances [[236.99888013 159.73599839 285.78832233   3.01549043]] index 3 distance 3.015490429432652
INFO:root:---NEW TURN---
INFO:root:X 240 Y 0 distances [[236.99888013 159.73599839 285.78832233   3.01549043]] index 3 distance 3.015490429432652
INFO:root:---NEW TURN---
INFO:root:X 240 Y 0 distances [[236.99888013 159.73599839 285.78832233   3.01549043]] index 3 distance 3.015490429432652
INFO:root:---NEW TURN---
INFO:root:X 240 Y 0 distances [[236.99888013 159.73599839 285.78832233   3.01549043]] index 3 distance 3.015490429432652
INFO:root:---NEW TURN---
INFO:root:X 240 Y 0 distances [[236.99888013 159.73599839 285.78832233   3.01549043]] index 3 distance 3.015490429432652
INFO:root:---NEW TURN---
INFO:root:X 240 Y 0 distances [[236.99888013 159.73599839 285.78832233   3.01549043]] index 3 distance 3.015490429432652
INFO:root:---NEW TURN---
INFO:root:X 240 Y 0 distances [[236.99888013 159.73599839 285.78832233   3.01549043]] index 3 distance 3.015490429432652
INFO:root:---NEW TURN---
INFO:root:X 240 Y 0 distances [[236.99888013 159.73599839 285.78832233   3.01549043]] index 3 distance 3.015490429432652
INFO:root:---NEW TURN---
INFO:root:X 240 Y 0 distances [[236.99888013 159.73599839 285.78832233   3.01549043]] index 3 distance 3.015490429432652
INFO:root:---NEW TURN---
INFO:root:X 240 Y 0 distances [[236.99888013 159.73599839 285.78832233   3.01549043]] index 3 distance 3.015490429432652
INFO:root:---NEW TURN---
INFO:root:X 240 Y 0 distances [[236.99888013 159.73599839 285.78832233   3.01549043]] index 3 distance 3.015490429432652
INFO:root:---NEW TURN---
INFO:root:X 240 Y 0 distances [[236.99888013 159.73599839 285.78832233   3.01549043]] index 3 distance 3.015490429432652
INFO:root:---NEW TURN---
INFO:root:X 240 Y 0 distances [[236.99888013 159.73599839 285.78832233   3.01549043]] index 3 distance 3.015490429432652
INFO:root:---NEW TURN---
INFO:root:X 240 Y 0 distances [[236.99888013 159.73599839 285.78832233   3.01549043]] index 3 distance 3.015490429432652
INFO:root:---NEW TURN---
INFO:root:X 240 Y 0 distances [[236.99888013 159.73599839 285.78832233   3.01549043]] index 3 distance 3.015490429432652
INFO:root:---NEW TURN---
INFO:root:X 240 Y 0 distances [[236.99888013 159.73599839 285.78832233   3.01549043]] index 3 distance 3.015490429432652
INFO:root:---NEW TURN---
INFO:root:X 240 Y 0 distances [[236.99888013 159.73599839 285.78832233   3.01549043]] index 3 distance 3.015490429432652
INFO:root:---NEW TURN---
INFO:root:X 240 Y 0 distances [[236.99888013 159.73599839 285.78832233   3.01549043]] index 3 distance 3.015490429432652
INFO:root:---NEW TURN---
INFO:root:X 240 Y 0 distances [[236.99888013 159.73599839 285.78832233   3.01549043]] index 3 distance 3.015490429432652
INFO:root:---NEW TURN---
INFO:root:X 240 Y 0 distances [[236.99888013 159.73599839 285.78832233   3.01549043]] index 3 distance 3.015490429432652
INFO:root:---NEW TURN---
INFO:root:X 240 Y 0 distances [[236.99888013 159.73599839 285.78832233   3.01549043]] index 3 distance 3.015490429432652
INFO:root:---NEW TURN---
INFO:root:X 240 Y 0 distances [[236.99888013 159.73599839 285.78832233   3.01549043]] index 3 distance 3.015490429432652
INFO:root:---NEW TURN---
INFO:root:X 240 Y 0 distances [[236.99888013 159.73599839 285.78832233   3.01549043]] index 3 distance 3.015490429432652
INFO:root:---NEW TURN---
INFO:root:X 240 Y 0 distances [[236.99888013 159.73599839 285.78832233   3.01549043]] index 3 distance 3.015490429432652
INFO:root:---NEW TURN---
INFO:root:X 240 Y 0 distances [[236.99888013 159.73599839 285.78832233   3.01549043]] index 3 distance 3.015490429432652
INFO:root:---NEW TURN---
INFO:root:X 240 Y 0 distances [[236.99888013 159.73599839 285.78832233   3.01549043]] index 3 distance 3.015490429432652
INFO:root:---NEW TURN---
INFO:root:X 240 Y 0 distances [[236.99888013 159.73599839 285.78832233   3.01549043]] index 3 distance 3.015490429432652
INFO:root:---NEW TURN---
INFO:root:X 240 Y 0 distances [[236.99888013 159.73599839 285.78832233   3.01549043]] index 3 distance 3.015490429432652
INFO:root:---NEW TURN---
INFO:root:X 240 Y 0 distances [[236.99888013 159.73599839 285.78832233   3.01549043]] index 3 distance 3.015490429432652
INFO:root:---NEW TURN---
INFO:root:X 240 Y 0 distances [[236.99888013 159.73599839 285.78832233   3.01549043]] index 3 distance 3.015490429432652
INFO:root:---NEW TURN---
INFO:root:X 240 Y 0 distances [[236.99888013 159.73599839 285.78832233   3.01549043]] index 3 distance 3.015490429432652
INFO:root:---NEW TURN---
INFO:root:X 240 Y 0 distances [[236.99888013 159.73599839 285.78832233   3.01549043]] index 3 distance 3.015490429432652
INFO:root:---NEW TURN---
INFO:root:X 240 Y 0 distances [[236.99888013 159.73599839 285.78832233   3.01549043]] index 3 distance 3.015490429432652
INFO:root:---NEW TURN---
INFO:root:X 240 Y 0 distances [[236.99888013 159.73599839 285.78832233   3.01549043]] index 3 distance 3.015490429432652
INFO:root:---NEW TURN---
INFO:root:X 240 Y 0 distances [[236.99888013 159.73599839 285.78832233   3.01549043]] index 3 distance 3.015490429432652
INFO:root:---NEW TURN---
INFO:root:X 240 Y 0 distances [[236.99888013 159.73599839 285.78832233   3.01549043]] index 3 distance 3.015490429432652
INFO:root:---NEW TURN---
INFO:root:X 240 Y 0 distances [[236.99888013 159.73599839 285.78832233   3.01549043]] index 3 distance 3.015490429432652
INFO:root:---NEW TURN---
INFO:root:X 240 Y 0 distances [[236.99888013 159.73599839 285.78832233   3.01549043]] index 3 distance 3.015490429432652
INFO:root:---NEW TURN---
INFO:root:X 240 Y 0 distances [[236.99888013 159.73599839 285.78832233   3.01549043]] index 3 distance 3.015490429432652
INFO:root:---NEW TURN---
INFO:root:X 240 Y 0 distances [[236.99888013 159.73599839 285.78832233   3.01549043]] index 3 distance 3.015490429432652
INFO:root:---NEW TURN---
INFO:root:X 240 Y 0 distances [[236.99888013 159.73599839 285.78832233   3.01549043]] index 3 distance 3.015490429432652
INFO:root:---NEW TURN---
INFO:root:X 240 Y 0 distances [[236.99888013 159.73599839 285.78832233   3.01549043]] index 3 distance 3.015490429432652
INFO:root:---NEW TURN---
INFO:root:X 240 Y 0 distances [[236.99888013 159.73599839 285.78832233   3.01549043]] index 3 distance 3.015490429432652
INFO:root:---NEW TURN---
INFO:root:X 240 Y 0 distances [[236.99888013 159.73599839 285.78832233   3.01549043]] index 3 distance 3.015490429432652
INFO:root:---NEW TURN---
INFO:root:X 240 Y 0 distances [[236.99888013 159.73599839 285.78832233   3.01549043]] index 3 distance 3.015490429432652
INFO:root:---NEW TURN---
INFO:root:X 240 Y 0 distances [[236.99888013 159.73599839 285.78832233   3.01549043]] index 3 distance 3.015490429432652
INFO:root:---NEW TURN---
INFO:root:X 240 Y 0 distances [[236.99888013 159.73599839 285.78832233   3.01549043]] index 3 distance 3.015490429432652
INFO:root:---NEW TURN---
INFO:root:X 240 Y 0 distances [[236.99888013 159.73599839 285.78832233   3.01549043]] index 3 distance 3.015490429432652
INFO:root:---NEW TURN---
INFO:root:X 240 Y 0 distances [[236.99888013 159.73599839 285.78832233   3.01549043]] index 3 distance 3.015490429432652
INFO:root:---NEW TURN---
INFO:root:X 240 Y 0 distances [[236.99888013 159.73599839 285.78832233   3.01549043]] index 3 distance 3.015490429432652
INFO:root:---NEW TURN---
INFO:root:X 240 Y 0 distances [[236.99888013 159.73599839 285.78832233   3.01549043]] index 3 distance 3.015490429432652
INFO:root:---NEW TURN---
INFO:root:X 240 Y 0 distances [[236.99888013 159.73599839 285.78832233   3.01549043]] index 3 distance 3.015490429432652
INFO:root:---NEW TURN---
INFO:root:X 240 Y 0 distances [[236.99888013 159.73599839 285.78832233   3.01549043]] index 3 distance 3.015490429432652
INFO:root:---NEW TURN---
INFO:root:X 240 Y 0 distances [[236.99888013 159.73599839 285.78832233   3.01549043]] index 3 distance 3.015490429432652
INFO:root:---NEW TURN---
INFO:root:X 240 Y 0 distances [[236.99888013 159.73599839 285.78832233   3.01549043]] index 3 distance 3.015490429432652
INFO:root:---NEW TURN---
INFO:root:X 240 Y 0 distances [[236.99888013 159.73599839 285.78832233   3.01549043]] index 3 distance 3.015490429432652
INFO:root:---NEW TURN---
INFO:root:X 240 Y 0 distances [[236.99888013 159.73599839 285.78832233   3.01549043]] index 3 distance 3.015490429432652
INFO:root:---NEW TURN---
INFO:root:X 240 Y 0 distances [[236.99888013 159.73599839 285.78832233   3.01549043]] index 3 distance 3.015490429432652
INFO:root:---NEW TURN---
INFO:root:X 240 Y 0 distances [[236.99888013 159.73599839 285.78832233   3.01549043]] index 3 distance 3.015490429432652
INFO:root:---NEW TURN---
INFO:root:X 240 Y 0 distances [[236.99888013 159.73599839 285.78832233   3.01549043]] index 3 distance 3.015490429432652
INFO:root:---NEW TURN---
INFO:root:X 240 Y 0 distances [[236.99888013 159.73599839 285.78832233   3.01549043]] index 3 distance 3.015490429432652
INFO:root:---NEW TURN---
INFO:root:X 240 Y 0 distances [[236.99888013 159.73599839 285.78832233   3.01549043]] index 3 distance 3.015490429432652
INFO:root:---NEW TURN---
INFO:root:X 240 Y 0 distances [[236.99888013 159.73599839 285.78832233   3.01549043]] index 3 distance 3.015490429432652
INFO:root:---NEW TURN---
INFO:root:X 240 Y 0 distances [[236.99888013 159.73599839 285.78832233   3.01549043]] index 3 distance 3.015490429432652
INFO:root:---NEW TURN---
INFO:root:X 240 Y 0 distances [[236.99888013 159.73599839 285.78832233   3.01549043]] index 3 distance 3.015490429432652
INFO:root:---NEW TURN---
INFO:root:X 240 Y 0 distances [[236.99888013 159.73599839 285.78832233   3.01549043]] index 3 distance 3.015490429432652
INFO:root:---NEW TURN---
INFO:root:X 240 Y 0 distances [[236.99888013 159.73599839 285.78832233   3.01549043]] index 3 distance 3.015490429432652
INFO:root:---NEW TURN---
INFO:root:X 240 Y 0 distances [[236.99888013 159.73599839 285.78832233   3.01549043]] index 3 distance 3.015490429432652
INFO:root:---NEW TURN---
INFO:root:X 240 Y 0 distances [[236.99888013 159.73599839 285.78832233   3.01549043]] index 3 distance 3.015490429432652
INFO:root:---NEW TURN---
INFO:root:X 240 Y 0 distances [[236.99888013 159.73599839 285.78832233   3.01549043]] index 3 distance 3.015490429432652
INFO:root:---NEW TURN---
INFO:root:X 240 Y 0 distances [[236.99888013 159.73599839 285.78832233   3.01549043]] index 3 distance 3.015490429432652
INFO:root:---NEW TURN---
INFO:root:X 240 Y 0 distances [[236.99888013 159.73599839 285.78832233   3.01549043]] index 3 distance 3.015490429432652
INFO:root:---NEW TURN---
INFO:root:X 240 Y 0 distances [[236.99888013 159.73599839 285.78832233   3.01549043]] index 3 distance 3.015490429432652
INFO:root:---NEW TURN---
INFO:root:X 240 Y 0 distances [[236.99888013 159.73599839 285.78832233   3.01549043]] index 3 distance 3.015490429432652
INFO:root:---NEW TURN---
INFO:root:X 240 Y 0 distances [[236.99888013 159.73599839 285.78832233   3.01549043]] index 3 distance 3.015490429432652
INFO:root:---NEW TURN---
INFO:root:X 240 Y 0 distances [[236.99888013 159.73599839 285.78832233   3.01549043]] index 3 distance 3.015490429432652
INFO:root:---NEW TURN---
INFO:root:X 240 Y 0 distances [[236.99888013 159.73599839 285.78832233   3.01549043]] index 3 distance 3.015490429432652
INFO:root:---NEW TURN---
INFO:root:X 240 Y 0 distances [[236.99888013 159.73599839 285.78832233   3.01549043]] index 3 distance 3.015490429432652
INFO:root:---NEW TURN---
INFO:root:X 240 Y 0 distances [[236.99888013 159.73599839 285.78832233   3.01549043]] index 3 distance 3.015490429432652
INFO:root:---NEW TURN---
INFO:root:X 240 Y 0 distances [[236.99888013 159.73599839 285.78832233   3.01549043]] index 3 distance 3.015490429432652
INFO:root:---NEW TURN---
INFO:root:X 240 Y 0 distances [[236.99888013 159.73599839 285.78832233   3.01549043]] index 3 distance 3.015490429432652
INFO:root:---NEW TURN---
INFO:root:X 240 Y 0 distances [[236.99888013 159.73599839 285.78832233   3.01549043]] index 3 distance 3.015490429432652
INFO:root:---NEW TURN---
INFO:root:X 240 Y 0 distances [[236.99888013 159.73599839 285.78832233   3.01549043]] index 3 distance 3.015490429432652
INFO:root:---NEW TURN---
INFO:root:X 240 Y 0 distances [[236.99888013 159.73599839 285.78832233   3.01549043]] index 3 distance 3.015490429432652
INFO:root:---NEW TURN---
INFO:root:X 240 Y 0 distances [[236.99888013 159.73599839 285.78832233   3.01549043]] index 3 distance 3.015490429432652
INFO:root:---NEW TURN---
INFO:root:X 240 Y 0 distances [[236.99888013 159.73599839 285.78832233   3.01549043]] index 3 distance 3.015490429432652
INFO:root:---NEW TURN---
INFO:root:X 240 Y 0 distances [[236.99888013 159.73599839 285.78832233   3.01549043]] index 3 distance 3.015490429432652
INFO:root:---NEW TURN---
INFO:root:X 240 Y 0 distances [[236.99888013 159.73599839 285.78832233   3.01549043]] index 3 distance 3.015490429432652
INFO:root:---NEW TURN---
INFO:root:X 240 Y 0 distances [[236.99888013 159.73599839 285.78832233   3.01549043]] index 3 distance 3.015490429432652
INFO:root:---NEW TURN---
INFO:root:X 240 Y 0 distances [[236.99888013 159.73599839 285.78832233   3.01549043]] index 3 distance 3.015490429432652
INFO:root:---NEW TURN---
INFO:root:X 240 Y 0 distances [[236.99888013 159.73599839 285.78832233   3.01549043]] index 3 distance 3.015490429432652
INFO:root:---NEW TURN---
INFO:root:X 240 Y 0 distances [[236.99888013 159.73599839 285.78832233   3.01549043]] index 3 distance 3.015490429432652
INFO:root:---NEW TURN---
INFO:root:X 240 Y 0 distances [[236.99888013 159.73599839 285.78832233   3.01549043]] index 3 distance 3.015490429432652
INFO:root:---NEW TURN---
INFO:root:X 240 Y 0 distances [[236.99888013 159.73599839 285.78832233   3.01549043]] index 3 distance 3.015490429432652
INFO:root:---NEW TURN---
INFO:root:X 240 Y 0 distances [[236.99888013 159.73599839 285.78832233   3.01549043]] index 3 distance 3.015490429432652
INFO:root:---NEW TURN---
INFO:root:X 240 Y 0 distances [[236.99888013 159.73599839 285.78832233   3.01549043]] index 3 distance 3.015490429432652
INFO:root:---NEW TURN---
INFO:root:X 240 Y 0 distances [[236.99888013 159.73599839 285.78832233   3.01549043]] index 3 distance 3.015490429432652
INFO:root:---NEW TURN---
INFO:root:X 240 Y 0 distances [[236.99888013 159.73599839 285.78832233   3.01549043]] index 3 distance 3.015490429432652
INFO:root:---NEW TURN---
INFO:root:X 240 Y 0 distances [[236.99888013 159.73599839 285.78832233   3.01549043]] index 3 distance 3.015490429432652
INFO:root:---NEW TURN---
INFO:root:X 240 Y 0 distances [[236.99888013 159.73599839 285.78832233   3.01549043]] index 3 distance 3.015490429432652
INFO:root:---NEW TURN---
INFO:root:X 240 Y 0 distances [[236.99888013 159.73599839 285.78832233   3.01549043]] index 3 distance 3.015490429432652
INFO:root:---NEW TURN---
INFO:root:X 240 Y 0 distances [[236.99888013 159.73599839 285.78832233   3.01549043]] index 3 distance 3.015490429432652
INFO:root:---NEW TURN---
INFO:root:X 240 Y 0 distances [[236.99888013 159.73599839 285.78832233   3.01549043]] index 3 distance 3.015490429432652
INFO:root:---NEW TURN---
INFO:root:X 240 Y 0 distances [[236.99888013 159.73599839 285.78832233   3.01549043]] index 3 distance 3.015490429432652
INFO:root:---NEW TURN---
INFO:root:X 240 Y 0 distances [[236.99888013 159.73599839 285.78832233   3.01549043]] index 3 distance 3.015490429432652
INFO:root:---NEW TURN---
INFO:root:X 240 Y 0 distances [[236.99888013 159.73599839 285.78832233   3.01549043]] index 3 distance 3.015490429432652
INFO:root:---NEW TURN---
INFO:root:X 240 Y 0 distances [[236.99888013 159.73599839 285.78832233   3.01549043]] index 3 distance 3.015490429432652
INFO:root:---NEW TURN---
INFO:root:X 240 Y 0 distances [[236.99888013 159.73599839 285.78832233   3.01549043]] index 3 distance 3.015490429432652
INFO:root:---NEW TURN---
INFO:root:X 240 Y 0 distances [[236.99888013 159.73599839 285.78832233   3.01549043]] index 3 distance 3.015490429432652
INFO:root:---NEW TURN---
INFO:root:X 240 Y 0 distances [[236.99888013 159.73599839 285.78832233   3.01549043]] index 3 distance 3.015490429432652
INFO:root:---NEW TURN---
INFO:root:X 240 Y 0 distances [[236.99888013 159.73599839 285.78832233   3.01549043]] index 3 distance 3.015490429432652
INFO:root:---NEW TURN---
INFO:root:X 240 Y 0 distances [[236.99888013 159.73599839 285.78832233   3.01549043]] index 3 distance 3.015490429432652
INFO:root:---NEW TURN---
INFO:root:X 240 Y 0 distances [[236.99888013 159.73599839 285.78832233   3.01549043]] index 3 distance 3.015490429432652
INFO:root:---NEW TURN---
INFO:root:X 240 Y 0 distances [[236.99888013 159.73599839 285.78832233   3.01549043]] index 3 distance 3.015490429432652
INFO:root:---NEW TURN---
INFO:root:X 240 Y 0 distances [[236.99888013 159.73599839 285.78832233   3.01549043]] index 3 distance 3.015490429432652
INFO:root:---NEW TURN---
INFO:root:X 240 Y 0 distances [[236.99888013 159.73599839 285.78832233   3.01549043]] index 3 distance 3.015490429432652
INFO:root:---NEW TURN---
INFO:root:X 240 Y 0 distances [[236.99888013 159.73599839 285.78832233   3.01549043]] index 3 distance 3.015490429432652
INFO:root:---NEW TURN---
INFO:root:X 240 Y 0 distances [[236.99888013 159.73599839 285.78832233   3.01549043]] index 3 distance 3.015490429432652
INFO:root:---NEW TURN---
INFO:root:X 240 Y 0 distances [[236.99888013 159.73599839 285.78832233   3.01549043]] index 3 distance 3.015490429432652
INFO:root:---NEW TURN---
INFO:root:X 240 Y 0 distances [[236.99888013 159.73599839 285.78832233   3.01549043]] index 3 distance 3.015490429432652
INFO:root:---NEW TURN---
INFO:root:X 240 Y 0 distances [[236.99888013 159.73599839 285.78832233   3.01549043]] index 3 distance 3.015490429432652
INFO:root:---NEW TURN---
INFO:root:X 240 Y 0 distances [[236.99888013 159.73599839 285.78832233   3.01549043]] index 3 distance 3.015490429432652
INFO:root:---NEW TURN---
INFO:root:X 240 Y 0 distances [[236.99888013 159.73599839 285.78832233   3.01549043]] index 3 distance 3.015490429432652
INFO:root:---NEW TURN---
INFO:root:X 240 Y 0 distances [[236.99888013 159.73599839 285.78832233   3.01549043]] index 3 distance 3.015490429432652
INFO:root:---NEW TURN---
INFO:root:X 240 Y 0 distances [[236.99888013 159.73599839 285.78832233   3.01549043]] index 3 distance 3.015490429432652
INFO:root:---NEW TURN---
INFO:root:X 240 Y 0 distances [[236.99888013 159.73599839 285.78832233   3.01549043]] index 3 distance 3.015490429432652
INFO:root:---NEW TURN---
INFO:root:X 240 Y 0 distances [[236.99888013 159.73599839 285.78832233   3.01549043]] index 3 distance 3.015490429432652
INFO:root:---NEW TURN---
INFO:root:X 240 Y 0 distances [[236.99888013 159.73599839 285.78832233   3.01549043]] index 3 distance 3.015490429432652
INFO:root:---NEW TURN---
INFO:root:X 240 Y 0 distances [[236.99888013 159.73599839 285.78832233   3.01549043]] index 3 distance 3.015490429432652
INFO:root:---NEW TURN---
INFO:root:X 240 Y 0 distances [[236.99888013 159.73599839 285.78832233   3.01549043]] index 3 distance 3.015490429432652
INFO:root:---NEW TURN---
