INFO:root:Initialized bot Csinensis
INFO:root:---NEW TURN---
INFO:root:Joining the game
INFO:root:---NEW TURN---
INFO:root:---NEW TURN---
INFO:root:---NEW TURN---
INFO:root:---NEW TURN---
INFO:root:---NEW TURN---
INFO:root:---NEW TURN---
INFO:root:---NEW TURN---
INFO:root:---NEW TURN---
INFO:root:---NEW TURN---
INFO:root:---NEW TURN---
INFO:root:---NEW TURN---
INFO:root:---NEW TURN---
INFO:root:---NEW TURN---
INFO:root:---NEW TURN---
INFO:root:---NEW TURN---
INFO:root:---NEW TURN---
INFO:root:---NEW TURN---
INFO:root:---NEW TURN---
INFO:root:---NEW TURN---
INFO:root:---NEW TURN---
INFO:root:---NEW TURN---
INFO:root:---NEW TURN---
INFO:root:---NEW TURN---
INFO:root:---NEW TURN---
INFO:root:---NEW TURN---
INFO:root:---NEW TURN---
INFO:root:---NEW TURN---
INFO:root:---NEW TURN---
INFO:root:---NEW TURN---
INFO:root:---NEW TURN---
INFO:root:---NEW TURN---
INFO:root:X 240 Y 160 distances [[186.63142539 115.49085221 128.92823176 177.61457413]] index 1 distance 115.49085220921178
INFO:root:---NEW TURN---
INFO:root:X 240 Y 160 distances [[186.41872304 119.97021422 122.89548527 184.50336664]] index 1 distance 119.97021422007215
INFO:root:---NEW TURN---
INFO:root:X 0 Y 160 distances [[190.45452149 120.91245079 120.25225469 190.87205337]] index 2 distance 120.25225468630515
INFO:root:---NEW TURN---
INFO:root:X 0 Y 160 distances [[186.74201672 127.77676161 113.25244725 195.89120656]] index 2 distance 113.25244724918751
INFO:root:---NEW TURN---
INFO:root:X 0 Y 160 distances [[183.22176243 134.65513814 106.25255869 201.02888904]] index 2 distance 106.25255869206163
INFO:root:---NEW TURN---
INFO:root:X 0 Y 160 distances [[179.90516588 141.54534506  99.25279195 206.27611764]] index 2 distance 99.2527919482369
INFO:root:---NEW TURN---
INFO:root:X 0 Y 160 distances [[176.80357277 148.44592061  92.25295304 211.62487412]] index 2 distance 92.25295304205714
INFO:root:---NEW TURN---
INFO:root:X 0 Y 160 distances [[173.92859528 155.35529684  85.25324777 217.06752004]] index 2 distance 85.25324777397047
INFO:root:---NEW TURN---
INFO:root:X 0 Y 160 distances [[171.29154126 162.27253651  78.25348622 222.5973048 ]] index 2 distance 78.25348622425712
INFO:root:---NEW TURN---
INFO:root:X 0 Y 160 distances [[168.78834455 169.21314741  71.25369643 228.13484007]] index 2 distance 71.25369643351844
INFO:root:---NEW TURN---
INFO:root:X 0 Y 160 distances [[166.65875753 176.14241244  64.25403847 233.82196103]] index 2 distance 64.25403847082298
INFO:root:---NEW TURN---
INFO:root:X 0 Y 160 distances [[164.68102663 183.09245897  57.25424466 239.50916586]] index 2 distance 57.25424465801641
INFO:root:---NEW TURN---
INFO:root:X 0 Y 160 distances [[163.09954052 190.03129247  50.254593   245.33207723]] index 2 distance 50.25459300253062
INFO:root:---NEW TURN---
INFO:root:X 0 Y 160 distances [[161.68532745 196.98877408  43.25479293 251.14885051]] index 2 distance 43.254792933962825
INFO:root:---NEW TURN---
INFO:root:X 0 Y 160 distances [[160.68524537 203.93529386  36.25515247 257.08931538]] index 2 distance 36.255152466511575
INFO:root:---NEW TURN---
INFO:root:X 0 Y 160 distances [[159.86375135 210.89873161  29.25534134 263.01866663]] index 2 distance 29.255341335216038
INFO:root:---NEW TURN---
INFO:root:X 0 Y 160 distances [[159.46786797 217.85162133  22.25562661 269.06136273]] index 2 distance 22.255626607669353
INFO:root:---NEW TURN---
INFO:root:X 0 Y 160 distances [[159.25659228 224.81979936  15.25589021 275.08882599]] index 2 distance 15.255890206736543
INFO:root:---NEW TURN---
INFO:root:X 0 Y 160 distances [[159.47485781 231.7778727    8.25628695 281.22063629]] index 2 distance 8.25628694874397
INFO:root:---NEW TURN---
INFO:root:X 0 Y 160 distances [[159.73131024 236.7578921    3.25629726 285.58324088]] index 2 distance 3.256297260693502
INFO:root:---NEW TURN---
INFO:root:X 0 Y 160 distances [[159.73131024 236.7578921    3.25629726 285.58324088]] index 2 distance 3.256297260693502
INFO:root:---NEW TURN---
INFO:root:X 0 Y 160 distances [[159.73131024 236.7578921    3.25629726 285.58324088]] index 2 distance 3.256297260693502
INFO:root:---NEW TURN---
INFO:root:X 0 Y 160 distances [[159.73131024 236.7578921    3.25629726 285.58324088]] index 2 distance 3.256297260693502
INFO:root:---NEW TURN---
INFO:root:X 0 Y 160 distances [[159.73131024 236.7578921    3.25629726 285.58324088]] index 2 distance 3.256297260693502
INFO:root:---NEW TURN---
INFO:root:X 0 Y 160 distances [[159.73131024 236.7578921    3.25629726 285.58324088]] index 2 distance 3.256297260693502
INFO:root:---NEW TURN---
INFO:root:X 0 Y 160 distances [[159.73131024 236.7578921    3.25629726 285.58324088]] index 2 distance 3.256297260693502
INFO:root:---NEW TURN---
INFO:root:X 0 Y 160 distances [[159.73131024 236.7578921    3.25629726 285.58324088]] index 2 distance 3.256297260693502
INFO:root:---NEW TURN---
INFO:root:X 0 Y 160 distances [[159.73131024 236.7578921    3.25629726 285.58324088]] index 2 distance 3.256297260693502
INFO:root:---NEW TURN---
INFO:root:X 0 Y 160 distances [[159.73131024 236.7578921    3.25629726 285.58324088]] index 2 distance 3.256297260693502
INFO:root:---NEW TURN---
INFO:root:X 0 Y 160 distances [[159.73131024 236.7578921    3.25629726 285.58324088]] index 2 distance 3.256297260693502
INFO:root:---NEW TURN---
INFO:root:X 0 Y 160 distances [[159.73131024 236.7578921    3.25629726 285.58324088]] index 2 distance 3.256297260693502
INFO:root:---NEW TURN---
INFO:root:X 0 Y 160 distances [[159.73131024 236.7578921    3.25629726 285.58324088]] index 2 distance 3.256297260693502
INFO:root:---NEW TURN---
INFO:root:X 0 Y 160 distances [[159.73131024 236.7578921    3.25629726 285.58324088]] index 2 distance 3.256297260693502
INFO:root:---NEW TURN---
INFO:root:X 0 Y 160 distances [[159.73131024 236.7578921    3.25629726 285.58324088]] index 2 distance 3.256297260693502
INFO:root:---NEW TURN---
INFO:root:X 0 Y 160 distances [[159.73131024 236.7578921    3.25629726 285.58324088]] index 2 distance 3.256297260693502
INFO:root:---NEW TURN---
INFO:root:X 0 Y 160 distances [[159.73131024 236.7578921    3.25629726 285.58324088]] index 2 distance 3.256297260693502
INFO:root:---NEW TURN---
INFO:root:X 0 Y 160 distances [[159.73131024 236.7578921    3.25629726 285.58324088]] index 2 distance 3.256297260693502
INFO:root:---NEW TURN---
INFO:root:X 0 Y 160 distances [[159.73131024 236.7578921    3.25629726 285.58324088]] index 2 distance 3.256297260693502
INFO:root:---NEW TURN---
INFO:root:X 0 Y 160 distances [[159.73131024 236.7578921    3.25629726 285.58324088]] index 2 distance 3.256297260693502
INFO:root:---NEW TURN---
INFO:root:X 0 Y 160 distances [[159.73131024 236.7578921    3.25629726 285.58324088]] index 2 distance 3.256297260693502
INFO:root:---NEW TURN---
INFO:root:X 0 Y 160 distances [[159.73131024 236.7578921    3.25629726 285.58324088]] index 2 distance 3.256297260693502
INFO:root:---NEW TURN---
INFO:root:X 0 Y 160 distances [[159.73131024 236.7578921    3.25629726 285.58324088]] index 2 distance 3.256297260693502
INFO:root:---NEW TURN---
INFO:root:X 0 Y 160 distances [[159.73131024 236.7578921    3.25629726 285.58324088]] index 2 distance 3.256297260693502
INFO:root:---NEW TURN---
INFO:root:X 0 Y 160 distances [[159.73131024 236.7578921    3.25629726 285.58324088]] index 2 distance 3.256297260693502
INFO:root:---NEW TURN---
INFO:root:X 0 Y 160 distances [[159.73131024 236.7578921    3.25629726 285.58324088]] index 2 distance 3.256297260693502
INFO:root:---NEW TURN---
INFO:root:X 0 Y 160 distances [[159.73131024 236.7578921    3.25629726 285.58324088]] index 2 distance 3.256297260693502
INFO:root:---NEW TURN---
INFO:root:X 0 Y 160 distances [[159.73131024 236.7578921    3.25629726 285.58324088]] index 2 distance 3.256297260693502
INFO:root:---NEW TURN---
INFO:root:X 0 Y 160 distances [[159.73131024 236.7578921    3.25629726 285.58324088]] index 2 distance 3.256297260693502
INFO:root:---NEW TURN---
INFO:root:X 0 Y 160 distances [[159.73131024 236.7578921    3.25629726 285.58324088]] index 2 distance 3.256297260693502
INFO:root:---NEW TURN---
INFO:root:X 0 Y 160 distances [[159.73131024 236.7578921    3.25629726 285.58324088]] index 2 distance 3.256297260693502
INFO:root:---NEW TURN---
INFO:root:X 0 Y 160 distances [[159.73131024 236.7578921    3.25629726 285.58324088]] index 2 distance 3.256297260693502
INFO:root:---NEW TURN---
INFO:root:X 0 Y 160 distances [[159.73131024 236.7578921    3.25629726 285.58324088]] index 2 distance 3.256297260693502
INFO:root:---NEW TURN---
INFO:root:X 0 Y 160 distances [[159.73131024 236.7578921    3.25629726 285.58324088]] index 2 distance 3.256297260693502
INFO:root:---NEW TURN---
INFO:root:X 0 Y 160 distances [[159.73131024 236.7578921    3.25629726 285.58324088]] index 2 distance 3.256297260693502
INFO:root:---NEW TURN---
INFO:root:X 0 Y 160 distances [[159.73131024 236.7578921    3.25629726 285.58324088]] index 2 distance 3.256297260693502
INFO:root:---NEW TURN---
INFO:root:X 0 Y 160 distances [[159.73131024 236.7578921    3.25629726 285.58324088]] index 2 distance 3.256297260693502
INFO:root:---NEW TURN---
INFO:root:X 0 Y 160 distances [[159.73131024 236.7578921    3.25629726 285.58324088]] index 2 distance 3.256297260693502
INFO:root:---NEW TURN---
INFO:root:X 0 Y 160 distances [[159.73131024 236.7578921    3.25629726 285.58324088]] index 2 distance 3.256297260693502
INFO:root:---NEW TURN---
INFO:root:X 0 Y 160 distances [[159.73131024 236.7578921    3.25629726 285.58324088]] index 2 distance 3.256297260693502
INFO:root:---NEW TURN---
INFO:root:X 0 Y 160 distances [[159.73131024 236.7578921    3.25629726 285.58324088]] index 2 distance 3.256297260693502
INFO:root:---NEW TURN---
INFO:root:X 0 Y 160 distances [[159.73131024 236.7578921    3.25629726 285.58324088]] index 2 distance 3.256297260693502
INFO:root:---NEW TURN---
INFO:root:X 0 Y 160 distances [[159.73131024 236.7578921    3.25629726 285.58324088]] index 2 distance 3.256297260693502
INFO:root:---NEW TURN---
INFO:root:X 0 Y 160 distances [[159.73131024 236.7578921    3.25629726 285.58324088]] index 2 distance 3.256297260693502
INFO:root:---NEW TURN---
INFO:root:X 0 Y 160 distances [[159.73131024 236.7578921    3.25629726 285.58324088]] index 2 distance 3.256297260693502
INFO:root:---NEW TURN---
INFO:root:X 0 Y 160 distances [[159.73131024 236.7578921    3.25629726 285.58324088]] index 2 distance 3.256297260693502
INFO:root:---NEW TURN---
INFO:root:X 0 Y 160 distances [[159.73131024 236.7578921    3.25629726 285.58324088]] index 2 distance 3.256297260693502
INFO:root:---NEW TURN---
INFO:root:X 0 Y 160 distances [[159.73131024 236.7578921    3.25629726 285.58324088]] index 2 distance 3.256297260693502
INFO:root:---NEW TURN---
INFO:root:X 0 Y 160 distances [[159.73131024 236.7578921    3.25629726 285.58324088]] index 2 distance 3.256297260693502
INFO:root:---NEW TURN---
INFO:root:X 0 Y 160 distances [[159.73131024 236.7578921    3.25629726 285.58324088]] index 2 distance 3.256297260693502
INFO:root:---NEW TURN---
INFO:root:X 0 Y 160 distances [[159.73131024 236.7578921    3.25629726 285.58324088]] index 2 distance 3.256297260693502
INFO:root:---NEW TURN---
INFO:root:X 0 Y 160 distances [[159.73131024 236.7578921    3.25629726 285.58324088]] index 2 distance 3.256297260693502
INFO:root:---NEW TURN---
INFO:root:X 0 Y 160 distances [[159.73131024 236.7578921    3.25629726 285.58324088]] index 2 distance 3.256297260693502
INFO:root:---NEW TURN---
INFO:root:X 0 Y 160 distances [[159.73131024 236.7578921    3.25629726 285.58324088]] index 2 distance 3.256297260693502
INFO:root:---NEW TURN---
INFO:root:X 0 Y 160 distances [[159.73131024 236.7578921    3.25629726 285.58324088]] index 2 distance 3.256297260693502
INFO:root:---NEW TURN---
INFO:root:X 0 Y 160 distances [[159.73131024 236.7578921    3.25629726 285.58324088]] index 2 distance 3.256297260693502
INFO:root:---NEW TURN---
INFO:root:X 0 Y 160 distances [[159.73131024 236.7578921    3.25629726 285.58324088]] index 2 distance 3.256297260693502
INFO:root:---NEW TURN---
INFO:root:X 0 Y 160 distances [[159.73131024 236.7578921    3.25629726 285.58324088]] index 2 distance 3.256297260693502
INFO:root:---NEW TURN---
INFO:root:X 0 Y 160 distances [[159.73131024 236.7578921    3.25629726 285.58324088]] index 2 distance 3.256297260693502
INFO:root:---NEW TURN---
INFO:root:X 0 Y 160 distances [[159.73131024 236.7578921    3.25629726 285.58324088]] index 2 distance 3.256297260693502
INFO:root:---NEW TURN---
INFO:root:X 0 Y 160 distances [[159.73131024 236.7578921    3.25629726 285.58324088]] index 2 distance 3.256297260693502
INFO:root:---NEW TURN---
INFO:root:X 0 Y 160 distances [[159.73131024 236.7578921    3.25629726 285.58324088]] index 2 distance 3.256297260693502
INFO:root:---NEW TURN---
INFO:root:X 0 Y 160 distances [[159.73131024 236.7578921    3.25629726 285.58324088]] index 2 distance 3.256297260693502
INFO:root:---NEW TURN---
INFO:root:X 0 Y 160 distances [[159.73131024 236.7578921    3.25629726 285.58324088]] index 2 distance 3.256297260693502
INFO:root:---NEW TURN---
INFO:root:X 0 Y 160 distances [[159.73131024 236.7578921    3.25629726 285.58324088]] index 2 distance 3.256297260693502
INFO:root:---NEW TURN---
INFO:root:X 0 Y 160 distances [[159.73131024 236.7578921    3.25629726 285.58324088]] index 2 distance 3.256297260693502
INFO:root:---NEW TURN---
INFO:root:X 0 Y 160 distances [[159.73131024 236.7578921    3.25629726 285.58324088]] index 2 distance 3.256297260693502
INFO:root:---NEW TURN---
INFO:root:X 0 Y 160 distances [[159.73131024 236.7578921    3.25629726 285.58324088]] index 2 distance 3.256297260693502
INFO:root:---NEW TURN---
INFO:root:X 0 Y 160 distances [[159.73131024 236.7578921    3.25629726 285.58324088]] index 2 distance 3.256297260693502
INFO:root:---NEW TURN---
INFO:root:X 0 Y 160 distances [[159.73131024 236.7578921    3.25629726 285.58324088]] index 2 distance 3.256297260693502
INFO:root:---NEW TURN---
INFO:root:X 0 Y 160 distances [[159.73131024 236.7578921    3.25629726 285.58324088]] index 2 distance 3.256297260693502
INFO:root:---NEW TURN---
INFO:root:X 0 Y 160 distances [[159.73131024 236.7578921    3.25629726 285.58324088]] index 2 distance 3.256297260693502
INFO:root:---NEW TURN---
INFO:root:X 0 Y 160 distances [[159.73131024 236.7578921    3.25629726 285.58324088]] index 2 distance 3.256297260693502
INFO:root:---NEW TURN---
INFO:root:X 0 Y 160 distances [[159.73131024 236.7578921    3.25629726 285.58324088]] index 2 distance 3.256297260693502
INFO:root:---NEW TURN---
INFO:root:X 0 Y 160 distances [[159.73131024 236.7578921    3.25629726 285.58324088]] index 2 distance 3.256297260693502
INFO:root:---NEW TURN---
INFO:root:X 0 Y 160 distances [[159.73131024 236.7578921    3.25629726 285.58324088]] index 2 distance 3.256297260693502
INFO:root:---NEW TURN---
INFO:root:X 0 Y 160 distances [[159.73131024 236.7578921    3.25629726 285.58324088]] index 2 distance 3.256297260693502
INFO:root:---NEW TURN---
INFO:root:X 0 Y 160 distances [[159.73131024 236.7578921    3.25629726 285.58324088]] index 2 distance 3.256297260693502
INFO:root:---NEW TURN---
INFO:root:X 0 Y 160 distances [[159.73131024 236.7578921    3.25629726 285.58324088]] index 2 distance 3.256297260693502
INFO:root:---NEW TURN---
INFO:root:X 0 Y 160 distances [[159.73131024 236.7578921    3.25629726 285.58324088]] index 2 distance 3.256297260693502
INFO:root:---NEW TURN---
INFO:root:X 0 Y 160 distances [[159.73131024 236.7578921    3.25629726 285.58324088]] index 2 distance 3.256297260693502
INFO:root:---NEW TURN---
INFO:root:X 0 Y 160 distances [[159.73131024 236.7578921    3.25629726 285.58324088]] index 2 distance 3.256297260693502
INFO:root:---NEW TURN---
INFO:root:X 0 Y 160 distances [[159.73131024 236.7578921    3.25629726 285.58324088]] index 2 distance 3.256297260693502
INFO:root:---NEW TURN---
INFO:root:X 0 Y 160 distances [[159.73131024 236.7578921    3.25629726 285.58324088]] index 2 distance 3.256297260693502
INFO:root:---NEW TURN---
INFO:root:X 0 Y 160 distances [[159.73131024 236.7578921    3.25629726 285.58324088]] index 2 distance 3.256297260693502
INFO:root:---NEW TURN---
INFO:root:X 0 Y 160 distances [[159.73131024 236.7578921    3.25629726 285.58324088]] index 2 distance 3.256297260693502
INFO:root:---NEW TURN---
INFO:root:X 0 Y 160 distances [[159.73131024 236.7578921    3.25629726 285.58324088]] index 2 distance 3.256297260693502
INFO:root:---NEW TURN---
INFO:root:X 0 Y 160 distances [[159.73131024 236.7578921    3.25629726 285.58324088]] index 2 distance 3.256297260693502
INFO:root:---NEW TURN---
INFO:root:X 0 Y 160 distances [[159.73131024 236.7578921    3.25629726 285.58324088]] index 2 distance 3.256297260693502
INFO:root:---NEW TURN---
INFO:root:X 0 Y 160 distances [[159.73131024 236.7578921    3.25629726 285.58324088]] index 2 distance 3.256297260693502
INFO:root:---NEW TURN---
INFO:root:X 0 Y 160 distances [[159.73131024 236.7578921    3.25629726 285.58324088]] index 2 distance 3.256297260693502
INFO:root:---NEW TURN---
INFO:root:X 0 Y 160 distances [[159.73131024 236.7578921    3.25629726 285.58324088]] index 2 distance 3.256297260693502
INFO:root:---NEW TURN---
INFO:root:X 0 Y 160 distances [[159.73131024 236.7578921    3.25629726 285.58324088]] index 2 distance 3.256297260693502
INFO:root:---NEW TURN---
INFO:root:X 0 Y 160 distances [[159.73131024 236.7578921    3.25629726 285.58324088]] index 2 distance 3.256297260693502
INFO:root:---NEW TURN---
INFO:root:X 0 Y 160 distances [[159.73131024 236.7578921    3.25629726 285.58324088]] index 2 distance 3.256297260693502
INFO:root:---NEW TURN---
INFO:root:X 0 Y 160 distances [[159.73131024 236.7578921    3.25629726 285.58324088]] index 2 distance 3.256297260693502
INFO:root:---NEW TURN---
INFO:root:X 0 Y 160 distances [[159.73131024 236.7578921    3.25629726 285.58324088]] index 2 distance 3.256297260693502
INFO:root:---NEW TURN---
INFO:root:X 0 Y 160 distances [[159.73131024 236.7578921    3.25629726 285.58324088]] index 2 distance 3.256297260693502
INFO:root:---NEW TURN---
INFO:root:X 0 Y 160 distances [[159.73131024 236.7578921    3.25629726 285.58324088]] index 2 distance 3.256297260693502
INFO:root:---NEW TURN---
INFO:root:X 0 Y 160 distances [[159.73131024 236.7578921    3.25629726 285.58324088]] index 2 distance 3.256297260693502
INFO:root:---NEW TURN---
INFO:root:X 0 Y 160 distances [[159.73131024 236.7578921    3.25629726 285.58324088]] index 2 distance 3.256297260693502
INFO:root:---NEW TURN---
INFO:root:X 0 Y 160 distances [[159.73131024 236.7578921    3.25629726 285.58324088]] index 2 distance 3.256297260693502
INFO:root:---NEW TURN---
INFO:root:X 0 Y 160 distances [[159.73131024 236.7578921    3.25629726 285.58324088]] index 2 distance 3.256297260693502
INFO:root:---NEW TURN---
INFO:root:X 0 Y 160 distances [[159.73131024 236.7578921    3.25629726 285.58324088]] index 2 distance 3.256297260693502
INFO:root:---NEW TURN---
INFO:root:X 0 Y 160 distances [[159.73131024 236.7578921    3.25629726 285.58324088]] index 2 distance 3.256297260693502
INFO:root:---NEW TURN---
INFO:root:X 0 Y 160 distances [[159.73131024 236.7578921    3.25629726 285.58324088]] index 2 distance 3.256297260693502
INFO:root:---NEW TURN---
INFO:root:X 0 Y 160 distances [[159.73131024 236.7578921    3.25629726 285.58324088]] index 2 distance 3.256297260693502
INFO:root:---NEW TURN---
INFO:root:X 0 Y 160 distances [[159.73131024 236.7578921    3.25629726 285.58324088]] index 2 distance 3.256297260693502
INFO:root:---NEW TURN---
INFO:root:X 0 Y 160 distances [[159.73131024 236.7578921    3.25629726 285.58324088]] index 2 distance 3.256297260693502
INFO:root:---NEW TURN---
INFO:root:X 0 Y 160 distances [[159.73131024 236.7578921    3.25629726 285.58324088]] index 2 distance 3.256297260693502
INFO:root:---NEW TURN---
INFO:root:X 0 Y 160 distances [[159.73131024 236.7578921    3.25629726 285.58324088]] index 2 distance 3.256297260693502
INFO:root:---NEW TURN---
INFO:root:X 0 Y 160 distances [[159.73131024 236.7578921    3.25629726 285.58324088]] index 2 distance 3.256297260693502
INFO:root:---NEW TURN---
INFO:root:X 0 Y 160 distances [[159.73131024 236.7578921    3.25629726 285.58324088]] index 2 distance 3.256297260693502
INFO:root:---NEW TURN---
INFO:root:X 0 Y 160 distances [[159.73131024 236.7578921    3.25629726 285.58324088]] index 2 distance 3.256297260693502
INFO:root:---NEW TURN---
INFO:root:X 0 Y 160 distances [[159.73131024 236.7578921    3.25629726 285.58324088]] index 2 distance 3.256297260693502
INFO:root:---NEW TURN---
INFO:root:X 0 Y 160 distances [[159.73131024 236.7578921    3.25629726 285.58324088]] index 2 distance 3.256297260693502
INFO:root:---NEW TURN---
INFO:root:X 0 Y 160 distances [[159.73131024 236.7578921    3.25629726 285.58324088]] index 2 distance 3.256297260693502
INFO:root:---NEW TURN---
INFO:root:X 0 Y 160 distances [[159.73131024 236.7578921    3.25629726 285.58324088]] index 2 distance 3.256297260693502
INFO:root:---NEW TURN---
INFO:root:X 0 Y 160 distances [[159.73131024 236.7578921    3.25629726 285.58324088]] index 2 distance 3.256297260693502
INFO:root:---NEW TURN---
INFO:root:X 0 Y 160 distances [[159.73131024 236.7578921    3.25629726 285.58324088]] index 2 distance 3.256297260693502
INFO:root:---NEW TURN---
INFO:root:X 0 Y 160 distances [[159.73131024 236.7578921    3.25629726 285.58324088]] index 2 distance 3.256297260693502
INFO:root:---NEW TURN---
INFO:root:X 0 Y 160 distances [[159.73131024 236.7578921    3.25629726 285.58324088]] index 2 distance 3.256297260693502
INFO:root:---NEW TURN---
INFO:root:X 0 Y 160 distances [[159.73131024 236.7578921    3.25629726 285.58324088]] index 2 distance 3.256297260693502
INFO:root:---NEW TURN---
INFO:root:X 0 Y 160 distances [[159.73131024 236.7578921    3.25629726 285.58324088]] index 2 distance 3.256297260693502
INFO:root:---NEW TURN---
INFO:root:X 0 Y 160 distances [[159.73131024 236.7578921    3.25629726 285.58324088]] index 2 distance 3.256297260693502
INFO:root:---NEW TURN---
INFO:root:X 0 Y 160 distances [[159.73131024 236.7578921    3.25629726 285.58324088]] index 2 distance 3.256297260693502
INFO:root:---NEW TURN---
INFO:root:X 0 Y 160 distances [[159.73131024 236.7578921    3.25629726 285.58324088]] index 2 distance 3.256297260693502
INFO:root:---NEW TURN---
INFO:root:X 0 Y 160 distances [[159.73131024 236.7578921    3.25629726 285.58324088]] index 2 distance 3.256297260693502
INFO:root:---NEW TURN---
INFO:root:X 0 Y 160 distances [[159.73131024 236.7578921    3.25629726 285.58324088]] index 2 distance 3.256297260693502
INFO:root:---NEW TURN---
INFO:root:X 0 Y 160 distances [[159.73131024 236.7578921    3.25629726 285.58324088]] index 2 distance 3.256297260693502
INFO:root:---NEW TURN---
INFO:root:X 0 Y 160 distances [[159.73131024 236.7578921    3.25629726 285.58324088]] index 2 distance 3.256297260693502
INFO:root:---NEW TURN---
INFO:root:X 0 Y 160 distances [[159.73131024 236.7578921    3.25629726 285.58324088]] index 2 distance 3.256297260693502
INFO:root:---NEW TURN---
INFO:root:X 0 Y 160 distances [[159.73131024 236.7578921    3.25629726 285.58324088]] index 2 distance 3.256297260693502
INFO:root:---NEW TURN---
INFO:root:X 0 Y 160 distances [[159.73131024 236.7578921    3.25629726 285.58324088]] index 2 distance 3.256297260693502
INFO:root:---NEW TURN---
INFO:root:X 0 Y 160 distances [[159.73131024 236.7578921    3.25629726 285.58324088]] index 2 distance 3.256297260693502
INFO:root:---NEW TURN---
INFO:root:X 0 Y 160 distances [[159.73131024 236.7578921    3.25629726 285.58324088]] index 2 distance 3.256297260693502
INFO:root:---NEW TURN---
INFO:root:X 0 Y 160 distances [[159.73131024 236.7578921    3.25629726 285.58324088]] index 2 distance 3.256297260693502
INFO:root:---NEW TURN---
INFO:root:X 0 Y 160 distances [[159.73131024 236.7578921    3.25629726 285.58324088]] index 2 distance 3.256297260693502
INFO:root:---NEW TURN---
INFO:root:X 0 Y 160 distances [[159.73131024 236.7578921    3.25629726 285.58324088]] index 2 distance 3.256297260693502
INFO:root:---NEW TURN---
INFO:root:X 0 Y 160 distances [[159.73131024 236.7578921    3.25629726 285.58324088]] index 2 distance 3.256297260693502
INFO:root:---NEW TURN---
INFO:root:X 0 Y 160 distances [[159.73131024 236.7578921    3.25629726 285.58324088]] index 2 distance 3.256297260693502
INFO:root:---NEW TURN---
INFO:root:X 0 Y 160 distances [[159.73131024 236.7578921    3.25629726 285.58324088]] index 2 distance 3.256297260693502
INFO:root:---NEW TURN---
INFO:root:X 0 Y 160 distances [[159.73131024 236.7578921    3.25629726 285.58324088]] index 2 distance 3.256297260693502
INFO:root:---NEW TURN---
INFO:root:X 0 Y 160 distances [[159.73131024 236.7578921    3.25629726 285.58324088]] index 2 distance 3.256297260693502
INFO:root:---NEW TURN---
INFO:root:X 0 Y 160 distances [[159.73131024 236.7578921    3.25629726 285.58324088]] index 2 distance 3.256297260693502
INFO:root:---NEW TURN---
INFO:root:X 0 Y 160 distances [[159.73131024 236.7578921    3.25629726 285.58324088]] index 2 distance 3.256297260693502
INFO:root:---NEW TURN---
INFO:root:X 0 Y 160 distances [[159.73131024 236.7578921    3.25629726 285.58324088]] index 2 distance 3.256297260693502
INFO:root:---NEW TURN---
INFO:root:X 0 Y 160 distances [[159.73131024 236.7578921    3.25629726 285.58324088]] index 2 distance 3.256297260693502
INFO:root:---NEW TURN---
INFO:root:X 0 Y 160 distances [[159.73131024 236.7578921    3.25629726 285.58324088]] index 2 distance 3.256297260693502
INFO:root:---NEW TURN---
INFO:root:X 0 Y 160 distances [[159.73131024 236.7578921    3.25629726 285.58324088]] index 2 distance 3.256297260693502
INFO:root:---NEW TURN---
INFO:root:X 0 Y 160 distances [[159.73131024 236.7578921    3.25629726 285.58324088]] index 2 distance 3.256297260693502
INFO:root:---NEW TURN---
INFO:root:X 0 Y 160 distances [[159.73131024 236.7578921    3.25629726 285.58324088]] index 2 distance 3.256297260693502
INFO:root:---NEW TURN---
INFO:root:X 0 Y 160 distances [[159.73131024 236.7578921    3.25629726 285.58324088]] index 2 distance 3.256297260693502
INFO:root:---NEW TURN---
INFO:root:X 0 Y 160 distances [[159.73131024 236.7578921    3.25629726 285.58324088]] index 2 distance 3.256297260693502
INFO:root:---NEW TURN---
INFO:root:X 0 Y 160 distances [[159.73131024 236.7578921    3.25629726 285.58324088]] index 2 distance 3.256297260693502
INFO:root:---NEW TURN---
INFO:root:X 0 Y 160 distances [[159.73131024 236.7578921    3.25629726 285.58324088]] index 2 distance 3.256297260693502
INFO:root:---NEW TURN---
INFO:root:X 0 Y 160 distances [[159.73131024 236.7578921    3.25629726 285.58324088]] index 2 distance 3.256297260693502
INFO:root:---NEW TURN---
INFO:root:X 0 Y 160 distances [[159.73131024 236.7578921    3.25629726 285.58324088]] index 2 distance 3.256297260693502
INFO:root:---NEW TURN---
INFO:root:X 0 Y 160 distances [[159.73131024 236.7578921    3.25629726 285.58324088]] index 2 distance 3.256297260693502
INFO:root:---NEW TURN---
INFO:root:X 0 Y 160 distances [[159.73131024 236.7578921    3.25629726 285.58324088]] index 2 distance 3.256297260693502
INFO:root:---NEW TURN---
INFO:root:X 0 Y 160 distances [[159.73131024 236.7578921    3.25629726 285.58324088]] index 2 distance 3.256297260693502
INFO:root:---NEW TURN---
INFO:root:X 0 Y 160 distances [[159.73131024 236.7578921    3.25629726 285.58324088]] index 2 distance 3.256297260693502
INFO:root:---NEW TURN---
INFO:root:X 0 Y 160 distances [[159.73131024 236.7578921    3.25629726 285.58324088]] index 2 distance 3.256297260693502
INFO:root:---NEW TURN---
INFO:root:X 0 Y 160 distances [[159.73131024 236.7578921    3.25629726 285.58324088]] index 2 distance 3.256297260693502
INFO:root:---NEW TURN---
INFO:root:X 0 Y 160 distances [[159.73131024 236.7578921    3.25629726 285.58324088]] index 2 distance 3.256297260693502
INFO:root:---NEW TURN---
INFO:root:X 0 Y 160 distances [[159.73131024 236.7578921    3.25629726 285.58324088]] index 2 distance 3.256297260693502
INFO:root:---NEW TURN---
INFO:root:X 0 Y 160 distances [[159.73131024 236.7578921    3.25629726 285.58324088]] index 2 distance 3.256297260693502
INFO:root:---NEW TURN---
INFO:root:X 0 Y 160 distances [[159.73131024 236.7578921    3.25629726 285.58324088]] index 2 distance 3.256297260693502
INFO:root:---NEW TURN---
INFO:root:X 0 Y 160 distances [[159.73131024 236.7578921    3.25629726 285.58324088]] index 2 distance 3.256297260693502
INFO:root:---NEW TURN---
INFO:root:X 0 Y 160 distances [[159.73131024 236.7578921    3.25629726 285.58324088]] index 2 distance 3.256297260693502
INFO:root:---NEW TURN---
INFO:root:X 0 Y 160 distances [[159.73131024 236.7578921    3.25629726 285.58324088]] index 2 distance 3.256297260693502
INFO:root:---NEW TURN---
INFO:root:X 0 Y 160 distances [[159.73131024 236.7578921    3.25629726 285.58324088]] index 2 distance 3.256297260693502
INFO:root:---NEW TURN---
INFO:root:X 0 Y 160 distances [[159.73131024 236.7578921    3.25629726 285.58324088]] index 2 distance 3.256297260693502
INFO:root:---NEW TURN---
INFO:root:X 0 Y 160 distances [[159.73131024 236.7578921    3.25629726 285.58324088]] index 2 distance 3.256297260693502
INFO:root:---NEW TURN---
INFO:root:X 0 Y 160 distances [[159.73131024 236.7578921    3.25629726 285.58324088]] index 2 distance 3.256297260693502
INFO:root:---NEW TURN---
INFO:root:X 0 Y 160 distances [[159.73131024 236.7578921    3.25629726 285.58324088]] index 2 distance 3.256297260693502
INFO:root:---NEW TURN---
INFO:root:X 0 Y 160 distances [[159.73131024 236.7578921    3.25629726 285.58324088]] index 2 distance 3.256297260693502
INFO:root:---NEW TURN---
INFO:root:X 0 Y 160 distances [[159.73131024 236.7578921    3.25629726 285.58324088]] index 2 distance 3.256297260693502
INFO:root:---NEW TURN---
INFO:root:X 0 Y 160 distances [[159.73131024 236.7578921    3.25629726 285.58324088]] index 2 distance 3.256297260693502
INFO:root:---NEW TURN---
INFO:root:X 0 Y 160 distances [[159.73131024 236.7578921    3.25629726 285.58324088]] index 2 distance 3.256297260693502
INFO:root:---NEW TURN---
INFO:root:X 0 Y 160 distances [[159.73131024 236.7578921    3.25629726 285.58324088]] index 2 distance 3.256297260693502
INFO:root:---NEW TURN---
INFO:root:X 0 Y 160 distances [[159.73131024 236.7578921    3.25629726 285.58324088]] index 2 distance 3.256297260693502
INFO:root:---NEW TURN---
INFO:root:X 0 Y 160 distances [[159.73131024 236.7578921    3.25629726 285.58324088]] index 2 distance 3.256297260693502
INFO:root:---NEW TURN---
INFO:root:X 0 Y 160 distances [[159.73131024 236.7578921    3.25629726 285.58324088]] index 2 distance 3.256297260693502
INFO:root:---NEW TURN---
INFO:root:X 0 Y 160 distances [[159.73131024 236.7578921    3.25629726 285.58324088]] index 2 distance 3.256297260693502
INFO:root:---NEW TURN---
INFO:root:X 0 Y 160 distances [[159.73131024 236.7578921    3.25629726 285.58324088]] index 2 distance 3.256297260693502
INFO:root:---NEW TURN---
INFO:root:X 0 Y 160 distances [[159.73131024 236.7578921    3.25629726 285.58324088]] index 2 distance 3.256297260693502
INFO:root:---NEW TURN---
INFO:root:X 0 Y 160 distances [[159.73131024 236.7578921    3.25629726 285.58324088]] index 2 distance 3.256297260693502
INFO:root:---NEW TURN---
INFO:root:X 0 Y 160 distances [[159.73131024 236.7578921    3.25629726 285.58324088]] index 2 distance 3.256297260693502
INFO:root:---NEW TURN---
INFO:root:X 0 Y 160 distances [[159.73131024 236.7578921    3.25629726 285.58324088]] index 2 distance 3.256297260693502
INFO:root:---NEW TURN---
INFO:root:X 0 Y 160 distances [[159.73131024 236.7578921    3.25629726 285.58324088]] index 2 distance 3.256297260693502
INFO:root:---NEW TURN---
INFO:root:X 0 Y 160 distances [[159.73131024 236.7578921    3.25629726 285.58324088]] index 2 distance 3.256297260693502
INFO:root:---NEW TURN---
INFO:root:X 0 Y 160 distances [[159.73131024 236.7578921    3.25629726 285.58324088]] index 2 distance 3.256297260693502
INFO:root:---NEW TURN---
INFO:root:X 0 Y 160 distances [[159.73131024 236.7578921    3.25629726 285.58324088]] index 2 distance 3.256297260693502
INFO:root:---NEW TURN---
INFO:root:X 0 Y 160 distances [[159.73131024 236.7578921    3.25629726 285.58324088]] index 2 distance 3.256297260693502
INFO:root:---NEW TURN---
INFO:root:X 0 Y 160 distances [[159.73131024 236.7578921    3.25629726 285.58324088]] index 2 distance 3.256297260693502
INFO:root:---NEW TURN---
INFO:root:X 0 Y 160 distances [[159.73131024 236.7578921    3.25629726 285.58324088]] index 2 distance 3.256297260693502
INFO:root:---NEW TURN---
INFO:root:X 0 Y 160 distances [[159.73131024 236.7578921    3.25629726 285.58324088]] index 2 distance 3.256297260693502
INFO:root:---NEW TURN---
INFO:root:X 0 Y 160 distances [[159.73131024 236.7578921    3.25629726 285.58324088]] index 2 distance 3.256297260693502
INFO:root:---NEW TURN---
INFO:root:X 0 Y 160 distances [[159.73131024 236.7578921    3.25629726 285.58324088]] index 2 distance 3.256297260693502
INFO:root:---NEW TURN---
INFO:root:X 0 Y 160 distances [[159.73131024 236.7578921    3.25629726 285.58324088]] index 2 distance 3.256297260693502
INFO:root:---NEW TURN---
INFO:root:X 0 Y 160 distances [[159.73131024 236.7578921    3.25629726 285.58324088]] index 2 distance 3.256297260693502
INFO:root:---NEW TURN---
INFO:root:X 0 Y 160 distances [[159.73131024 236.7578921    3.25629726 285.58324088]] index 2 distance 3.256297260693502
INFO:root:---NEW TURN---
INFO:root:X 0 Y 160 distances [[159.73131024 236.7578921    3.25629726 285.58324088]] index 2 distance 3.256297260693502
INFO:root:---NEW TURN---
INFO:root:X 0 Y 160 distances [[159.73131024 236.7578921    3.25629726 285.58324088]] index 2 distance 3.256297260693502
INFO:root:---NEW TURN---
INFO:root:X 0 Y 160 distances [[159.73131024 236.7578921    3.25629726 285.58324088]] index 2 distance 3.256297260693502
INFO:root:---NEW TURN---
INFO:root:X 0 Y 160 distances [[159.73131024 236.7578921    3.25629726 285.58324088]] index 2 distance 3.256297260693502
INFO:root:---NEW TURN---
INFO:root:X 0 Y 160 distances [[159.73131024 236.7578921    3.25629726 285.58324088]] index 2 distance 3.256297260693502
INFO:root:---NEW TURN---
INFO:root:X 0 Y 160 distances [[159.73131024 236.7578921    3.25629726 285.58324088]] index 2 distance 3.256297260693502
INFO:root:---NEW TURN---
INFO:root:X 0 Y 160 distances [[159.73131024 236.7578921    3.25629726 285.58324088]] index 2 distance 3.256297260693502
INFO:root:---NEW TURN---
INFO:root:X 0 Y 160 distances [[159.73131024 236.7578921    3.25629726 285.58324088]] index 2 distance 3.256297260693502
INFO:root:---NEW TURN---
INFO:root:X 0 Y 160 distances [[159.73131024 236.7578921    3.25629726 285.58324088]] index 2 distance 3.256297260693502
INFO:root:---NEW TURN---
INFO:root:X 0 Y 160 distances [[159.73131024 236.7578921    3.25629726 285.58324088]] index 2 distance 3.256297260693502
INFO:root:---NEW TURN---
INFO:root:X 0 Y 160 distances [[159.73131024 236.7578921    3.25629726 285.58324088]] index 2 distance 3.256297260693502
INFO:root:---NEW TURN---
INFO:root:X 0 Y 160 distances [[159.73131024 236.7578921    3.25629726 285.58324088]] index 2 distance 3.256297260693502
INFO:root:---NEW TURN---
INFO:root:X 0 Y 160 distances [[159.73131024 236.7578921    3.25629726 285.58324088]] index 2 distance 3.256297260693502
INFO:root:---NEW TURN---
INFO:root:X 0 Y 160 distances [[159.73131024 236.7578921    3.25629726 285.58324088]] index 2 distance 3.256297260693502
INFO:root:---NEW TURN---
INFO:root:X 0 Y 160 distances [[159.73131024 236.7578921    3.25629726 285.58324088]] index 2 distance 3.256297260693502
INFO:root:---NEW TURN---
INFO:root:X 0 Y 160 distances [[159.73131024 236.7578921    3.25629726 285.58324088]] index 2 distance 3.256297260693502
INFO:root:---NEW TURN---
INFO:root:X 0 Y 160 distances [[159.73131024 236.7578921    3.25629726 285.58324088]] index 2 distance 3.256297260693502
INFO:root:---NEW TURN---
INFO:root:X 0 Y 160 distances [[159.73131024 236.7578921    3.25629726 285.58324088]] index 2 distance 3.256297260693502
INFO:root:---NEW TURN---
INFO:root:X 0 Y 160 distances [[159.73131024 236.7578921    3.25629726 285.58324088]] index 2 distance 3.256297260693502
INFO:root:---NEW TURN---
INFO:root:X 0 Y 160 distances [[159.73131024 236.7578921    3.25629726 285.58324088]] index 2 distance 3.256297260693502
INFO:root:---NEW TURN---
INFO:root:X 0 Y 160 distances [[159.73131024 236.7578921    3.25629726 285.58324088]] index 2 distance 3.256297260693502
INFO:root:---NEW TURN---
INFO:root:X 0 Y 160 distances [[159.73131024 236.7578921    3.25629726 285.58324088]] index 2 distance 3.256297260693502
INFO:root:---NEW TURN---
INFO:root:X 0 Y 160 distances [[159.73131024 236.7578921    3.25629726 285.58324088]] index 2 distance 3.256297260693502
INFO:root:---NEW TURN---
INFO:root:X 0 Y 160 distances [[159.73131024 236.7578921    3.25629726 285.58324088]] index 2 distance 3.256297260693502
INFO:root:---NEW TURN---
INFO:root:X 0 Y 160 distances [[159.73131024 236.7578921    3.25629726 285.58324088]] index 2 distance 3.256297260693502
INFO:root:---NEW TURN---
